2020-11-23 10:12:22.2245 DEBUG GetDefaultConnection()
2020-11-23 10:12:26.6414 ERROR System.Data.Entity.Core.ProviderIncompatibleException: An error occurred accessing the database. This usually means that the connection to the database failed. Check that the connection string is correct and that the appropriate DbContext constructor is being used to specify it or find it in the application's config file. See http://go.microsoft.com/fwlink/?LinkId=386386 for information on DbContext and connections. See the inner exception for details of the failure. ---> System.Data.Entity.Core.ProviderIncompatibleException: The provider did not return a ProviderManifestToken string. ---> Oracle.ManagedDataAccess.Client.OracleException: ORA-12541: TNS: No listener ---> OracleInternal.Network.NetworkException: ORA-12541: TNS: No listener ---> System.Net.Sockets.SocketException: Подключение не установлено, т.к. конечный компьютер отверг запрос на подключение 127.0.0.1:1521
   в System.Net.Sockets.Socket.EndConnect(IAsyncResult asyncResult)
   в OracleInternal.Network.TcpTransportAdapter.ConnectIterate()
   --- Конец трассировки внутреннего стека исключений ---
   в OracleInternal.Network.OracleCommunication.DoConnect(String tnsDescriptor)
   в OracleInternal.Network.OracleCommunication.Connect(String tnsDescriptor, Boolean doNAHandshake, String IName, ConnectionOption CO)
   в OracleInternal.ServiceObjects.OracleConnectionImpl.Connect(ConnectionString cs, Boolean bOpenEndUserSession, OracleConnection connRefForCriteria, String instanceName)
   --- Конец трассировки внутреннего стека исключений ---
   в OracleInternal.ConnectionPool.PoolManager`3.Get(ConnectionString csWithDiffOrNewPwd, Boolean bGetForApp, OracleConnection connRefForCriteria, String affinityInstanceName, Boolean bForceMatch)
   в OracleInternal.ConnectionPool.OraclePoolManager.Get(ConnectionString csWithNewPassword, Boolean bGetForApp, OracleConnection connRefForCriteria, String affinityInstanceName, Boolean bForceMatch)
   в OracleInternal.ConnectionPool.OracleConnectionDispenser`3.Get(ConnectionString cs, PM conPM, ConnectionString pmCS, SecureString securedPassword, SecureString securedProxyPassword, OracleConnection connRefForCriteria)
   в Oracle.ManagedDataAccess.Client.OracleConnection.Open()
   в Oracle.ManagedDataAccess.EntityFramework.EFOracleProviderServices.GetDbProviderManifestToken(DbConnection connection)
   в System.Data.Entity.Core.Common.DbProviderServices.GetProviderManifestToken(DbConnection connection)
   --- Конец трассировки внутреннего стека исключений ---
   в System.Data.Entity.Core.Common.DbProviderServices.GetProviderManifestToken(DbConnection connection)
   в System.Data.Entity.Utilities.DbProviderServicesExtensions.GetProviderManifestTokenChecked(DbProviderServices providerServices, DbConnection connection)
   --- Конец трассировки внутреннего стека исключений ---
   в System.Data.Entity.Utilities.DbProviderServicesExtensions.GetProviderManifestTokenChecked(DbProviderServices providerServices, DbConnection connection)
   в System.Data.Entity.Infrastructure.DefaultManifestTokenResolver.<>c__DisplayClass1_0.<ResolveManifestToken>b__0(Tuple`3 k)
   в System.Collections.Concurrent.ConcurrentDictionary`2.GetOrAdd(TKey key, Func`2 valueFactory)
   в System.Data.Entity.Infrastructure.DefaultManifestTokenResolver.ResolveManifestToken(DbConnection connection)
   в System.Data.Entity.Utilities.DbConnectionExtensions.GetProviderInfo(DbConnection connection, DbProviderManifest& providerManifest)
   в System.Data.Entity.DbModelBuilder.Build(DbConnection providerConnection)
   в System.Data.Entity.Internal.LazyInternalContext.CreateModel(LazyInternalContext internalContext)
   в System.Data.Entity.Internal.RetryLazy`2.GetValue(TInput input)
   в System.Data.Entity.Internal.LazyInternalContext.InitializeContext()
   в System.Data.Entity.Internal.InternalContext.Initialize()
   в System.Data.Entity.Internal.InternalContext.GetEntitySetAndBaseTypeForType(Type entityType)
   в System.Data.Entity.Internal.Linq.InternalSet`1.Initialize()
   в System.Data.Entity.Internal.Linq.InternalSet`1.AsNoTracking()
   в System.Data.Entity.Infrastructure.DbQuery`1.AsNoTracking()
   в MarketApp.DataModel.MarketDbContext.Authenticate(String login, String password) в D:\Repos\market_app\MarketApp.DataModel\MarketDbContextExtension.cs:строка 102
   в MarketApp.UI.ViewModels.AuthViewModel.<>c__DisplayClass18_0.<Authenticate>b__0() в D:\Repos\market_app\MarketApp.UI\ViewModels\AuthViewModel.cs:строка 62
   в MarketApp.UI.ViewModels.VMBase.ViewModelBase.SafeExecute[TOut](Func`1 ecex, Boolean DisableTokenCheck) в D:\Repos\market_app\MarketApp.UI\ViewModels\VMBase\ViewModelBase.cs:строка 52
2020-11-23 10:16:22.5477 DEBUG GetDefaultConnection()
2020-11-23 10:16:26.1610 ERROR System.Data.Entity.Core.ProviderIncompatibleException: An error occurred accessing the database. This usually means that the connection to the database failed. Check that the connection string is correct and that the appropriate DbContext constructor is being used to specify it or find it in the application's config file. See http://go.microsoft.com/fwlink/?LinkId=386386 for information on DbContext and connections. See the inner exception for details of the failure. ---> System.Data.Entity.Core.ProviderIncompatibleException: The provider did not return a ProviderManifestToken string. ---> Oracle.ManagedDataAccess.Client.OracleException: ORA-12514: TNS:listener does not currently know of service requested in connect descriptor ---> OracleInternal.Network.NetworkException: ORA-12514: TNS:listener does not currently know of service requested in connect descriptor
   в OracleInternal.Network.OracleCommunication.DoConnect(String tnsDescriptor)
   в OracleInternal.Network.OracleCommunication.Connect(String tnsDescriptor, Boolean doNAHandshake, String IName, ConnectionOption CO)
   в OracleInternal.ServiceObjects.OracleConnectionImpl.Connect(ConnectionString cs, Boolean bOpenEndUserSession, OracleConnection connRefForCriteria, String instanceName)
   --- Конец трассировки внутреннего стека исключений ---
   в OracleInternal.ConnectionPool.PoolManager`3.Get(ConnectionString csWithDiffOrNewPwd, Boolean bGetForApp, OracleConnection connRefForCriteria, String affinityInstanceName, Boolean bForceMatch)
   в OracleInternal.ConnectionPool.OraclePoolManager.Get(ConnectionString csWithNewPassword, Boolean bGetForApp, OracleConnection connRefForCriteria, String affinityInstanceName, Boolean bForceMatch)
   в OracleInternal.ConnectionPool.OracleConnectionDispenser`3.Get(ConnectionString cs, PM conPM, ConnectionString pmCS, SecureString securedPassword, SecureString securedProxyPassword, OracleConnection connRefForCriteria)
   в Oracle.ManagedDataAccess.Client.OracleConnection.Open()
   в Oracle.ManagedDataAccess.EntityFramework.EFOracleProviderServices.GetDbProviderManifestToken(DbConnection connection)
   в System.Data.Entity.Core.Common.DbProviderServices.GetProviderManifestToken(DbConnection connection)
   --- Конец трассировки внутреннего стека исключений ---
   в System.Data.Entity.Core.Common.DbProviderServices.GetProviderManifestToken(DbConnection connection)
   в System.Data.Entity.Utilities.DbProviderServicesExtensions.GetProviderManifestTokenChecked(DbProviderServices providerServices, DbConnection connection)
   --- Конец трассировки внутреннего стека исключений ---
   в System.Data.Entity.Utilities.DbProviderServicesExtensions.GetProviderManifestTokenChecked(DbProviderServices providerServices, DbConnection connection)
   в System.Data.Entity.Infrastructure.DefaultManifestTokenResolver.<>c__DisplayClass1_0.<ResolveManifestToken>b__0(Tuple`3 k)
   в System.Collections.Concurrent.ConcurrentDictionary`2.GetOrAdd(TKey key, Func`2 valueFactory)
   в System.Data.Entity.Infrastructure.DefaultManifestTokenResolver.ResolveManifestToken(DbConnection connection)
   в System.Data.Entity.Utilities.DbConnectionExtensions.GetProviderInfo(DbConnection connection, DbProviderManifest& providerManifest)
   в System.Data.Entity.DbModelBuilder.Build(DbConnection providerConnection)
   в System.Data.Entity.Internal.LazyInternalContext.CreateModel(LazyInternalContext internalContext)
   в System.Data.Entity.Internal.RetryLazy`2.GetValue(TInput input)
   в System.Data.Entity.Internal.LazyInternalContext.InitializeContext()
   в System.Data.Entity.Internal.InternalContext.Initialize()
   в System.Data.Entity.Internal.InternalContext.GetEntitySetAndBaseTypeForType(Type entityType)
   в System.Data.Entity.Internal.Linq.InternalSet`1.Initialize()
   в System.Data.Entity.Internal.Linq.InternalSet`1.AsNoTracking()
   в System.Data.Entity.Infrastructure.DbQuery`1.AsNoTracking()
   в MarketApp.DataModel.MarketDbContext.Authenticate(String login, String password) в D:\Repos\market_app\MarketApp.DataModel\MarketDbContextExtension.cs:строка 102
   в MarketApp.UI.ViewModels.AuthViewModel.<>c__DisplayClass18_0.<Authenticate>b__0() в D:\Repos\market_app\MarketApp.UI\ViewModels\AuthViewModel.cs:строка 62
   в MarketApp.UI.ViewModels.VMBase.ViewModelBase.SafeExecute[TOut](Func`1 ecex, Boolean DisableTokenCheck) в D:\Repos\market_app\MarketApp.UI\ViewModels\VMBase\ViewModelBase.cs:строка 52
2020-11-23 10:16:50.4647 DEBUG GetDefaultConnection()
2020-11-23 10:16:55.2704 DEBUG В базе отсутствует пользователь с такой парой логин/пароль
2020-11-23 10:36:27.9311 DEBUG GetDefaultConnection()
2020-11-23 10:38:15.0093 DEBUG GetDefaultConnection()
2020-11-23 10:46:24.7905 DEBUG GetDefaultConnection()
2020-11-23 11:42:51.1655 DEBUG GetDefaultConnection()
2020-11-23 11:42:55.4780 DEBUG В базе отсутствует пользователь с такой парой логин/пароль
2020-11-23 11:43:34.2436 DEBUG GetDefaultConnection()
2020-11-23 14:40:32.4936 DEBUG GetDefaultConnection()
2020-11-23 14:51:27.3686 DEBUG GetDefaultConnection()
2020-11-23 15:00:32.1186 DEBUG GetDefaultConnection()
2020-11-23 15:04:58.3217 DEBUG GetDefaultConnection()
2020-11-23 15:08:20.3061 DEBUG GetDefaultConnection()
2020-11-23 15:13:06.8217 DEBUG GetDefaultConnection()
2020-11-23 15:15:40.9936 DEBUG GetDefaultConnection()
2020-11-23 15:26:08.8530 DEBUG GetDefaultConnection()
2020-11-23 15:32:05.8686 DEBUG GetDefaultConnection()
2020-11-23 15:45:25.4624 DEBUG GetDefaultConnection()
2020-11-23 15:52:20.1811 DEBUG GetDefaultConnection()
2020-11-23 15:54:10.3686 DEBUG GetDefaultConnection()
2020-11-23 15:54:31.8999 DEBUG GetDefaultConnection()
2020-11-23 15:55:57.7436 DEBUG GetDefaultConnection()
2020-11-23 15:58:13.3374 DEBUG GetDefaultConnection()
2020-11-23 16:05:15.0717 DEBUG GetDefaultConnection()
2020-11-23 16:09:35.9155 DEBUG GetDefaultConnection()
2020-11-23 16:13:13.2016 DEBUG GetDefaultConnection()
